<?xml version="1.0" encoding="UTF-8"?>
<!-- Generated by org.testng.reporters.JUnitReportReporter -->
<testsuite name="com.mytests.FaceBookTest" tests="2" time="57.930" ignored="0" failures="0" timestamp="12 Jan 2020 23:24:50 GMT" skipped="0" hostname="YASUs-MacBook-Pro.local" errors="0">
  <testcase name="facebookTitleTest_2" time="33.703" classname="com.mytests.FaceBookTest"/>
  <testcase name="facebookTitleTest_1" time="24.227" classname="com.mytests.FaceBookTest"/>
</testsuite> <!-- com.mytests.FaceBookTest -->
