<?xml version="1.0" encoding="UTF-8"?>
<!-- Generated by org.testng.reporters.JUnitReportReporter -->
<testsuite name="com.mytests.GoogleTest" tests="4" time="97.621" ignored="0" failures="0" timestamp="12 Jan 2020 23:24:45 GMT" skipped="0" hostname="YASUs-MacBook-Pro.local" errors="0">
  <testcase name="googleTitleTest_4" time="25.181" classname="com.mytests.GoogleTest"/>
  <testcase name="googleTitleTest_3" time="25.014" classname="com.mytests.GoogleTest"/>
  <testcase name="googleTitleTest_1" time="12.547" classname="com.mytests.GoogleTest"/>
  <testcase name="googleTitleTest_2" time="34.879" classname="com.mytests.GoogleTest"/>
</testsuite> <!-- com.mytests.GoogleTest -->
